<?xml version="1.0" encoding="UTF-8"?>
<!-- Generated by org.testng.reporters.JUnitReportReporter -->
<testsuite hostname="gopika" failures="0" tests="1" name="testPkg.LogOutTest" time="40.567" errors="0" timestamp="2023-09-04T00:04:23 IST" skipped="0">
  <testcase classname="testPkg.LogOutTest" name="logout" time="40.567"/>
</testsuite> <!-- testPkg.LogOutTest -->
