<?xml version="1.0" encoding="UTF-8"?>
<!-- Generated by org.testng.reporters.JUnitReportReporter -->
<testsuite hostname="gopika" failures="0" tests="4" name="testPkg.PimTest" time="224.974" errors="0" timestamp="2023-09-04T00:04:23 IST" skipped="0">
  <testcase classname="testPkg.PimTest" name="PIMaddEmp" time="79.920"/>
  <testcase classname="testPkg.PimTest" name="PersonalDetailsAdd" time="54.765"/>
  <testcase classname="testPkg.PimTest" name="SearchNewEmployee" time="49.330"/>
  <testcase classname="testPkg.PimTest" name="DeleteEmployee" time="40.959"/>
</testsuite> <!-- testPkg.PimTest -->
