<?xml version="1.0" encoding="UTF-8"?>
<!-- Generated by org.testng.reporters.JUnitReportReporter -->
<testsuite hostname="gopika" failures="0" tests="1" name="testPkg.AdminTest" time="65.879" errors="0" timestamp="2023-09-04T00:04:23 IST" skipped="0">
  <testcase classname="testPkg.AdminTest" name="AdminUsersearch" time="65.879"/>
</testsuite> <!-- testPkg.AdminTest -->
