<?xml version="1.0" encoding="UTF-8"?>
<!-- Generated by org.testng.reporters.JUnitReportReporter -->
<testsuite hostname="gopika" failures="0" tests="5" name="testPkg.IndexTest$Testclass" time="27.146" errors="0" timestamp="2023-09-04T00:04:23 IST" skipped="0">
  <testcase classname="testPkg.IndexTest$Testclass" name="LogoCheckOnIndexPage" time="8.061"/>
  <testcase classname="testPkg.IndexTest$Testclass" name="LogoAndNameOnIndexPage" time="7.063"/>
  <testcase classname="testPkg.IndexTest$Testclass" name="PageTitleCheck" time="0.021"/>
  <testcase classname="testPkg.IndexTest$Testclass" name="PageTextsCheck" time="0.029"/>
  <testcase classname="testPkg.IndexTest$Testclass" name="LinksOnIndexPage" time="11.972"/>
</testsuite> <!-- testPkg.IndexTest$Testclass -->
